<?xml version="1.0" encoding="UTF-8"?>
<!-- Generated by org.testng.reporters.JUnitReportReporter -->
<testsuite hostname="DESKTOP-T9STJ9I" failures="0" tests="1" name="Action_Items.Excel_Google_Search_7" time="64.341" errors="0" timestamp="2020-06-04T22:16:40 EDT" skipped="0">
  <testcase classname="Action_Items.Excel_Google_Search_7" name="Google_Search_7" time="64.341"/>
  <system-out>
Entering a value on element Search Fields Entering a value on element Search Fields Entering a value on element Search Fields Entering a value on element Search Fields Entering a value on element Search Fields Entering a value on element Search Fields  </system-out>
</testsuite> <!-- Action_Items.Excel_Google_Search_7 -->
