<?xml version="1.0" encoding="UTF-8"?>
<!-- Generated by org.testng.reporters.JUnitReportReporter -->
<testsuite hostname="DESKTOP-T9STJ9I" failures="0" tests="1" name="Day15_06062020.Yahoo_Page_Object_Search_Result" time="28.311" errors="0" timestamp="2020-06-06T20:17:54 EDT" skipped="0">
  <testcase classname="Day15_06062020.Yahoo_Page_Object_Search_Result" name="Yahoo_Search_Result" time="28.311"/>
  <system-out/>
</testsuite> <!-- Day15_06062020.Yahoo_Page_Object_Search_Result -->
