<?xml version="1.0" encoding="UTF-8"?>
<!-- Generated by org.testng.reporters.JUnitReportReporter -->
<testsuite hostname="DESKTOP-T9STJ9I" failures="0" tests="1" name="Day11_05162020.GoogleSearch_TestNG" time="46.416" errors="0" timestamp="2020-05-17T12:56:50 EDT" skipped="0">
  <testcase classname="Day11_05162020.GoogleSearch_TestNG" name="GoogleSearch" time="46.416"/>
  <system-out>
Entering a value on element Search field Entering a value on element Google Search Button Entering a value on element Search Result My search number for car is 1,520,000,000 Entering a value on element Search field Entering a value on element Google Search Button Entering a value on element Search Result My search number for car is 473,000,000  </system-out>
</testsuite> <!-- Day11_05162020.GoogleSearch_TestNG -->
