<?xml version="1.0" encoding="UTF-8"?>
<!-- Generated by org.testng.reporters.JUnitReportReporter -->
<testsuite hostname="DESKTOP-T9STJ9I" failures="0" tests="1" name="Day12_05172020.GoogleSearch_TestNG_Excel" time="64.448" errors="0" timestamp="2020-05-18T18:33:07 EDT" skipped="0">
  <testcase classname="Day12_05172020.GoogleSearch_TestNG_Excel" name="googleSearch" time="64.448"/>
  <system-out>
Entering a value on element Search Field Entering a value on element Google Search Button Entering a value on element Search Results Entering a value on element Search Field Entering a value on element Google Search Button Entering a value on element Search Results Entering a value on element Search Field Entering a value on element Google Search Button Entering a value on element Search Results Entering a value on element Search Field Entering a value on element Google Search Button Entering a value on element Search Results Entering a value on element Search Field Entering a value on element Google Search Button Entering a value on element Search Results Entering a value on element Search Field Entering a value on element Google Search Button Entering a value on element Search Results  </system-out>
</testsuite> <!-- Day12_05172020.GoogleSearch_TestNG_Excel -->
