<?xml version="1.0" encoding="UTF-8"?>
<!-- Generated by org.testng.reporters.JUnitReportReporter -->
<testsuite hostname="DESKTOP-T9STJ9I" failures="0" tests="1" name="Day11_05162020.GoogleSearch_TestNG" time="32.222" errors="0" timestamp="2020-05-18T19:04:32 EDT" skipped="0">
  <testcase classname="Day11_05162020.GoogleSearch_TestNG" name="GoogleSearch" time="32.222"/>
  <system-out>
Entering a value on element Search field Entering a value on element Google Search Button Entering a value on element Search Result My search number for car is 1,760,000,000 Entering a value on element Search field Entering a value on element Google Search Button Entering a value on element Search Result My search number for car is 531,000,000  </system-out>
</testsuite> <!-- Day11_05162020.GoogleSearch_TestNG -->
