<?xml version="1.0" encoding="UTF-8"?>
<!-- Generated by org.testng.reporters.JUnitReportReporter -->
<testsuite hostname="DESKTOP-T9STJ9I" failures="0" tests="1" name="Action_Items.Action_Items_Kayak" time="106.533" errors="0" timestamp="2020-06-01T22:48:57 EDT" skipped="0">
  <testcase classname="Action_Items.Action_Items_Kayak" name="kayakSearch" time="106.533"/>
  <system-out>
Entering a value on element Search Field Entering a value on element Drop-off Date Entering a value on element Pick-up Date Capturing a text from element Car Info  </system-out>
</testsuite> <!-- Action_Items.Action_Items_Kayak -->
