<?xml version="1.0" encoding="UTF-8"?>
<!-- Generated by org.testng.reporters.JUnitReportReporter -->
<testsuite hostname="DESKTOP-T9STJ9I" failures="0" tests="2" name="Day11_05162020.GoogleSearch_TestNG_Suites" time="24.212" errors="0" timestamp="2020-06-01T10:44:24 EDT" skipped="0">
  <testcase classname="Day11_05162020.GoogleSearch_TestNG_Suites" name="searchIngoogle" time="17.340"/>
  <system-out>
Navigate to google web page Entering a value on element Search Field Entering a value on element Google Search Button  </system-out>
  <testcase classname="Day11_05162020.GoogleSearch_TestNG_Suites" name="captureTheResult" time="6.872"/>
  <system-out>
Entering a value on element Search Results  </system-out>
</testsuite> <!-- Day11_05162020.GoogleSearch_TestNG_Suites -->
