<?xml version="1.0" encoding="UTF-8"?>
<!-- Generated by org.testng.reporters.JUnitReportReporter -->
<testsuite hostname="DESKTOP-T9STJ9I" failures="0" tests="1" name="Action_Items.Google_Search_7" time="8.591" errors="0" timestamp="2020-06-04T12:14:14 EDT" skipped="0">
  <testcase classname="Action_Items.Google_Search_7" name="Google_Search_verification" time="8.591"/>
  <system-out/>
</testsuite> <!-- Action_Items.Google_Search_7 -->
