<?xml version="1.0" encoding="UTF-8"?>
<!-- Generated by org.testng.reporters.JUnitReportReporter -->
<testsuite hostname="DESKTOP-T9STJ9I" failures="0" tests="1" name="Action_Items.MetLife_Page_Object_ActnItm_8" time="206.564" errors="0" timestamp="2020-06-11T12:52:01 EDT" skipped="0">
  <testcase classname="Action_Items.MetLife_Page_Object_ActnItm_8" name="MetFile_Verification" time="206.564"/>
  <system-out/>
</testsuite> <!-- Action_Items.MetLife_Page_Object_ActnItm_8 -->
