<?xml version="1.0" encoding="UTF-8"?>
<!-- Generated by org.testng.reporters.JUnitReportReporter -->
<testsuite hostname="DESKTOP-T9STJ9I" failures="0" tests="1" name="Day14_05312020.Kayak_Logger" time="249.877" errors="0" timestamp="2020-05-31T11:35:48 EDT" skipped="0">
  <testcase classname="Day14_05312020.Kayak_Logger" name="kayakTest" time="249.877"/>
  <system-out/>
</testsuite> <!-- Day14_05312020.Kayak_Logger -->
