<?xml version="1.0" encoding="UTF-8"?>
<!-- Generated by org.testng.reporters.JUnitReportReporter -->
<testsuite hostname="DESKTOP-T9STJ9I" failures="0" tests="1" name="Day13_05302020.List_Boolean_htmlreport" time="35.896" errors="0" timestamp="2020-05-30T13:54:44 EDT" skipped="0">
  <testcase classname="Day13_05302020.List_Boolean_htmlreport" name="yahoo_verification" time="35.896"/>
  <system-out/>
</testsuite> <!-- Day13_05302020.List_Boolean_htmlreport -->
