<?xml version="1.0" encoding="UTF-8"?>
<!-- Generated by org.testng.reporters.JUnitReportReporter -->
<testsuite hostname="DESKTOP-T9STJ9I" failures="0" tests="2" name="Day11_05162020.GoogleSearch_TestNG_Suite_1" time="20.218" errors="0" timestamp="2020-05-28T22:01:42 EDT" skipped="0">
  <testcase classname="Day11_05162020.GoogleSearch_TestNG_Suite_1" name="SearchInGoogle" time="13.282"/>
  <system-out>
Entering a value on element Search field Entering a value on element Google Search Button  </system-out>
  <testcase classname="Day11_05162020.GoogleSearch_TestNG_Suite_1" name="captureText" time="6.936"/>
  <system-out>
Entering a value on element Search Result  </system-out>
</testsuite> <!-- Day11_05162020.GoogleSearch_TestNG_Suite_1 -->
