<?xml version="1.0" encoding="UTF-8"?>
<!-- Generated by org.testng.reporters.JUnitReportReporter -->
<testsuite hostname="DESKTOP-T9STJ9I" failures="0" tests="1" name="Day14_05312020.Kayak_Logger_Abstract" time="131.510" errors="0" timestamp="2020-06-02T23:02:23 EDT" skipped="0">
  <testcase classname="Day14_05312020.Kayak_Logger_Abstract" name="kayakSearch" time="131.510"/>
  <system-out/>
</testsuite> <!-- Day14_05312020.Kayak_Logger_Abstract -->
