<?xml version="1.0" encoding="UTF-8"?>
<!-- Generated by org.testng.reporters.JUnitReportReporter -->
<testsuite hostname="DESKTOP-T9STJ9I" failures="0" tests="1" name="Day14_05312020.Kayak_Logger" time="292.344" errors="0" timestamp="2020-06-02T22:48:35 EDT" skipped="0">
  <testcase classname="Day14_05312020.Kayak_Logger" name="kayakTest" time="292.344"/>
  <system-out/>
</testsuite> <!-- Day14_05312020.Kayak_Logger -->
