<?xml version="1.0" encoding="UTF-8"?>
<!-- Generated by org.testng.reporters.JUnitReportReporter -->
<testsuite hostname="DESKTOP-T9STJ9I" failures="0" tests="1" name="Action_Items.Weight_Watchers_7" time="77.963" errors="0" timestamp="2020-06-04T22:16:40 EDT" skipped="0">
  <testcase classname="Action_Items.Weight_Watchers_7" name="Weight_Watchers_verification" time="77.963"/>
  <system-out/>
</testsuite> <!-- Action_Items.Weight_Watchers_7 -->
