<?xml version="1.0" encoding="UTF-8"?>
<!-- Generated by org.testng.reporters.JUnitReportReporter -->
<testsuite hostname="DESKTOP-T9STJ9I" failures="0" tests="1" name="Action_Items.MetLife_7" time="179.701" errors="0" timestamp="2020-06-04T22:16:40 EDT" skipped="0">
  <testcase classname="Action_Items.MetLife_7" name="MetLife_verification" time="179.701"/>
  <system-out/>
</testsuite> <!-- Action_Items.MetLife_7 -->
